<?xml version="1.0" encoding="UTF-8"?>
<!-- Generated by org.testng.reporters.JUnitReportReporter -->
<testsuite skipped="0" hostname="DESKTOP-D2M4U6D" name="tests.Login" tests="1" failures="0" timestamp="2022-02-25T18:30:46 ART" time="14.989" errors="0">
  <testcase name="pruebaUno" time="14.989" classname="tests.Login"/>
  <system-out/>
</testsuite> <!-- tests.Login -->
