<?xml version="1.0" encoding="UTF-8"?>
<!-- Generated by org.testng.reporters.JUnitReportReporter -->
<testsuite skipped="0" hostname="DESKTOP-D2M4U6D" name="pages.PagePaquetes" tests="1" failures="0" timestamp="2022-03-02T17:18:06 ART" time="17.787" errors="0">
  <testcase name="pruebaDos" time="17.787" classname="pages.PagePaquetes"/>
  <system-out/>
</testsuite> <!-- pages.PagePaquetes -->
