<?xml version="1.0" encoding="UTF-8"?>
<!-- Generated by org.testng.reporters.JUnitReportReporter -->
<testsuite skipped="0" hostname="DESKTOP-D2M4U6D" name="tests.Pasajes" tests="1" failures="0" timestamp="2022-03-10T11:18:19 ART" time="15.849" errors="0">
  <testcase name="pruebaSeis" time="15.849" classname="tests.Pasajes"/>
  <system-out/>
</testsuite> <!-- tests.Pasajes -->
