<?xml version="1.0" encoding="UTF-8"?>
<!-- Generated by org.testng.reporters.JUnitReportReporter -->
<testsuite skipped="0" hostname="DESKTOP-D2M4U6D" name="tests.ExtentReportTestNG" tests="1" failures="0" timestamp="2022-02-24T16:51:13 ART" time="6.035" errors="0">
  <testcase name="test3" time="6.035" classname="tests.ExtentReportTestNG"/>
  <system-out/>
</testsuite> <!-- tests.ExtentReportTestNG -->
