<?xml version="1.0" encoding="UTF-8"?>
<!-- Generated by org.testng.reporters.JUnitReportReporter -->
<testsuite skipped="0" hostname="DESKTOP-D2M4U6D" name="pages.PagePasaje" tests="1" failures="0" timestamp="2022-03-03T17:04:58 ART" time="18.025" errors="0">
  <testcase name="pruebaSeis" time="18.025" classname="pages.PagePasaje"/>
  <system-out/>
</testsuite> <!-- pages.PagePasaje -->
