<?xml version="1.0" encoding="UTF-8"?>
<!-- Generated by org.testng.reporters.JUnitReportReporter -->
<testsuite skipped="0" hostname="DESKTOP-D2M4U6D" name="extentReports.ExtentReport" tests="1" failures="0" timestamp="2022-02-24T15:55:40 ART" time="5.770" errors="0">
  <testcase name="test3" time="5.770" classname="extentReports.ExtentReport"/>
  <system-out/>
</testsuite> <!-- extentReports.ExtentReport -->
