<?xml version="1.0" encoding="UTF-8"?>
<!-- Generated by org.testng.reporters.JUnitReportReporter -->
<testsuite skipped="0" hostname="DESKTOP-D2M4U6D" name="tests.Paquetes" tests="1" failures="0" timestamp="2022-03-25T05:01:13 ART" time="21.138" errors="0">
  <testcase name="pruebaTres" time="21.138" classname="tests.Paquetes"/>
  <system-out/>
</testsuite> <!-- tests.Paquetes -->
