<?xml version="1.0" encoding="UTF-8"?>
<!-- Generated by org.testng.reporters.JUnitReportReporter -->
<testsuite skipped="0" hostname="DESKTOP-D2M4U6D" name="pages.PasajesPage" tests="1" failures="0" timestamp="2022-03-04T09:50:52 ART" time="16.089" errors="0">
  <testcase name="pruebaSeis" time="16.089" classname="pages.PasajesPage"/>
  <system-out/>
</testsuite> <!-- pages.PasajesPage -->
